<?xml version="1.0" encoding="utf-8"?><testsuites name="pytest tests"><testsuite name="pytest" errors="0" failures="0" skipped="0" tests="9" time="4.209" timestamp="2026-04-28T08:22:42.253765+00:00" hostname="agent-env-83d35517-d29f-4be1-9050-4d2e8b2bf6be"><testcase classname="tests.test_iteration3.TestWebSocketAuth" name="test_invalid_token_closes_1008" time="0.233" /><testcase classname="tests.test_iteration3.TestWebSocketAuth" name="test_valid_token_connects_and_receives_hello" time="0.590" /><testcase classname="tests.test_iteration3.TestMultiplayerFlow" name="test_match_move_resign_full_flow" time="1.040" /><testcase classname="tests.test_iteration3.TestSocialREST" name="test_online_endpoint_returns_list" time="0.104" /><testcase classname="tests.test_iteration3.TestSocialREST" name="test_users_search" time="0.105" /><testcase classname="tests.test_iteration3.TestSocialREST" name="test_users_search_short_query_returns_empty" time="0.103" /><testcase classname="tests.test_iteration3.TestSocialREST" name="test_friend_request_and_accept_with_notifications" time="0.717" /><testcase classname="tests.test_iteration3.TestSocialREST" name="test_notifications_read_all" time="0.277" /><testcase classname="tests.test_iteration3.TestChallenges" name="test_create_and_accept_challenge_emits_match_found" time="0.999" /></testsuite></testsuites>