<?xml version="1.0" encoding="utf-8"?><testsuites name="pytest tests"><testsuite name="pytest" errors="0" failures="0" skipped="0" tests="24" time="4.654" timestamp="2026-04-27T22:43:19.470112+00:00" hostname="agent-env-83d35517-d29f-4be1-9050-4d2e8b2bf6be"><testcase classname="test_ruleforge_api" name="test_root_ok" time="0.198" /><testcase classname="test_ruleforge_api.TestAuth" name="test_register_and_me" time="0.394" /><testcase classname="test_ruleforge_api.TestAuth" name="test_register_duplicate_fails" time="0.132" /><testcase classname="test_ruleforge_api.TestAuth" name="test_login_admin" time="0.371" /><testcase classname="test_ruleforge_api.TestAuth" name="test_login_player" time="0.345" /><testcase classname="test_ruleforge_api.TestAuth" name="test_login_bad_password" time="0.323" /><testcase classname="test_ruleforge_api.TestAuth" name="test_me_requires_auth" time="0.120" /><testcase classname="test_ruleforge_api.TestAuth" name="test_guest_then_upgrade" time="0.663" /><testcase classname="test_ruleforge_api.TestRules" name="test_list_rules_has_defaults" time="0.101" /><testcase classname="test_ruleforge_api.TestRules" name="test_get_rule_king_dash_has_quizzes" time="0.140" /><testcase classname="test_ruleforge_api.TestRules" name="test_get_rule_not_found" time="0.108" /><testcase classname="test_ruleforge_api.TestMatches" name="test_record_match_updates_user" time="0.151" /><testcase classname="test_ruleforge_api.TestMatches" name="test_my_matches_returns_list" time="0.111" /><testcase classname="test_ruleforge_api.TestMatches" name="test_matches_requires_auth" time="0.105" /><testcase classname="test_ruleforge_api.TestDaily" name="test_daily_autogenerates" time="0.106" /><testcase classname="test_ruleforge_api.TestDaily" name="test_daily_submit_awards_xp" time="0.214" /><testcase classname="test_ruleforge_api" name="test_leaderboard_excludes_guests" time="0.116" /><testcase classname="test_ruleforge_api.TestMoveValidate" name="test_legal_move" time="0.117" /><testcase classname="test_ruleforge_api.TestMoveValidate" name="test_illegal_move" time="0.109" /><testcase classname="test_ruleforge_api.TestAdmin" name="test_non_admin_forbidden" time="0.100" /><testcase classname="test_ruleforge_api.TestAdmin" name="test_admin_users_list" time="0.107" /><testcase classname="test_ruleforge_api.TestAdmin" name="test_admin_upsert_and_delete_rule" time="0.208" /><testcase classname="test_ruleforge_api.TestAdmin" name="test_admin_quiz_create_and_delete" time="0.160" /><testcase classname="test_ruleforge_api.TestAdmin" name="test_admin_set_daily" time="0.118" /></testsuite></testsuites>