<?xml version="1.0" encoding="utf-8"?><testsuites name="pytest tests"><testsuite name="pytest" errors="0" failures="0" skipped="0" tests="32" time="6.764" timestamp="2026-04-28T06:07:40.089990+00:00" hostname="agent-env-83d35517-d29f-4be1-9050-4d2e8b2bf6be"><testcase classname="tests.test_iteration2.TestFreshEloBase" name="test_fresh_register_elo_is_800" time="0.475" /><testcase classname="tests.test_iteration2.TestMatchEloFields" name="test_match_returns_rating_fields_and_correct_delta" time="0.403" /><testcase classname="tests.test_iteration2.TestRatingHistory" name="test_rating_history_auth_required" time="0.109" /><testcase classname="tests.test_iteration2.TestRatingHistory" name="test_rating_history_shape" time="0.463" /><testcase classname="tests.test_iteration2.TestScenarios" name="test_king_dash_has_3" time="0.159" /><testcase classname="tests.test_iteration2.TestScenarios" name="test_power_pawns_has_3" time="0.140" /><testcase classname="tests.test_iteration2.TestScenarios" name="test_swap_move_has_3" time="0.133" /><testcase classname="tests.test_iteration2.TestScenarios" name="test_classic_empty" time="0.156" /><testcase classname="tests.test_ruleforge_api" name="test_root_ok" time="0.126" /><testcase classname="tests.test_ruleforge_api.TestAuth" name="test_register_and_me" time="0.380" /><testcase classname="tests.test_ruleforge_api.TestAuth" name="test_register_duplicate_fails" time="0.124" /><testcase classname="tests.test_ruleforge_api.TestAuth" name="test_login_admin" time="0.376" /><testcase classname="tests.test_ruleforge_api.TestAuth" name="test_login_player" time="0.339" /><testcase classname="tests.test_ruleforge_api.TestAuth" name="test_login_bad_password" time="0.375" /><testcase classname="tests.test_ruleforge_api.TestAuth" name="test_me_requires_auth" time="0.120" /><testcase classname="tests.test_ruleforge_api.TestAuth" name="test_guest_then_upgrade" time="0.691" /><testcase classname="tests.test_ruleforge_api.TestRules" name="test_list_rules_has_defaults" time="0.110" /><testcase classname="tests.test_ruleforge_api.TestRules" name="test_get_rule_king_dash_has_quizzes" time="0.103" /><testcase classname="tests.test_ruleforge_api.TestRules" name="test_get_rule_not_found" time="0.105" /><testcase classname="tests.test_ruleforge_api.TestMatches" name="test_record_match_updates_user" time="0.157" /><testcase classname="tests.test_ruleforge_api.TestMatches" name="test_my_matches_returns_list" time="0.164" /><testcase classname="tests.test_ruleforge_api.TestMatches" name="test_matches_requires_auth" time="0.115" /><testcase classname="tests.test_ruleforge_api.TestDaily" name="test_daily_autogenerates" time="0.111" /><testcase classname="tests.test_ruleforge_api.TestDaily" name="test_daily_submit_awards_xp" time="0.226" /><testcase classname="tests.test_ruleforge_api" name="test_leaderboard_excludes_guests" time="0.103" /><testcase classname="tests.test_ruleforge_api.TestMoveValidate" name="test_legal_move" time="0.105" /><testcase classname="tests.test_ruleforge_api.TestMoveValidate" name="test_illegal_move" time="0.114" /><testcase classname="tests.test_ruleforge_api.TestAdmin" name="test_non_admin_forbidden" time="0.104" /><testcase classname="tests.test_ruleforge_api.TestAdmin" name="test_admin_users_list" time="0.116" /><testcase classname="tests.test_ruleforge_api.TestAdmin" name="test_admin_upsert_and_delete_rule" time="0.208" /><testcase classname="tests.test_ruleforge_api.TestAdmin" name="test_admin_quiz_create_and_delete" time="0.172" /><testcase classname="tests.test_ruleforge_api.TestAdmin" name="test_admin_set_daily" time="0.108" /></testsuite></testsuites>